<?xml version="1.0" encoding="UTF-8"?>
<!-- Generated by org.testng.reporters.JUnitReportReporter -->
<testsuite skipped="0" hostname="DESKTOP-VQCK5T1" name="com.automation.test.PrestaShop_PositiveLoginTest" tests="1" failures="0" timestamp="29 Mar 2019 19:54:26 GMT" time="7.026" errors="0">
  <testcase name="pisitiveLoginTest" time="7.026" classname="com.automation.test.PrestaShop_PositiveLoginTest"/>
</testsuite> <!-- com.automation.test.PrestaShop_PositiveLoginTest -->
