<?xml version="1.0" encoding="UTF-8"?>
<!-- Generated by org.testng.reporters.JUnitReportReporter -->
<testsuite skipped="0" hostname="DESKTOP-VQCK5T1" name="com.automation.test.AutomationTest" tests="1" failures="0" timestamp="08 Oct 2019 00:34:38 GMT" time="35.334" errors="0">
  <testcase name="Test_Automation" time="35.334" classname="com.automation.test.AutomationTest"/>
</testsuite> <!-- com.automation.test.AutomationTest -->
